# JRE version: OpenJDK Runtime Environment Temurin-21.0.10+7 (21.0.10+7) (build 21.0.10+7-LTS)
# Java VM: OpenJDK 64-Bit Server VM Temurin-21.0.10+7 (21.0.10+7-LTS, mixed mode, sharing, tiered, compressed oops, compressed class ptrs, parallel gc, windows-amd64)
GC Precious Log:
 CardTable entry size: 512
 CPUs: 8 total, 8 available
 Memory: 8063M
 Large Page Support: Disabled
 NUMA Support: Disabled
 Compressed Oops: Enabled (32-bit)
 Alignments: Space 512K, Generation 512K, Heap 2M
 Heap Min Capacity: 100M
 Heap Initial Capacity: 100M
 Heap Max Capacity: 2G
 Pre-touch: Disabled
 Parallel Workers: 8
Heap:
 PSYoungGen      total 1024K, used 361K [0x00000000d5580000, 0x00000000d5780000, 0x0000000100000000)
  eden space 512K, 39% used [0x00000000d5580000,0x00000000d55b2530,0x00000000d5600000)
  from space 512K, 31% used [0x00000000d5600000,0x00000000d5628000,0x00000000d5680000)
  to   space 512K, 0% used [0x00000000d5700000,0x00000000d5700000,0x00000000d5780000)
 ParOldGen       total 210432K, used 209893K [0x0000000080000000, 0x000000008cd80000, 0x00000000d5580000)
  object space 210432K, 99% used [0x0000000080000000,0x000000008ccf97a0,0x000000008cd80000)
 Metaspace       used 69825K, committed 71232K, reserved 1114112K
  class space    used 7475K, committed 8064K, reserved 1048576K
GC Heap History (20 events):
Event: 205.932 GC heap before
{Heap before GC invocations=163 (full 3):
 PSYoungGen      total 1024K, used 671K [0x00000000d5580000, 0x00000000d5780000, 0x0000000100000000)
  eden space 512K, 99% used [0x00000000d5580000,0x00000000d55ffff0,0x00000000d5600000)
  from space 512K, 31% used [0x00000000d5600000,0x00000000d5628000,0x00000000d5680000)
  to   space 512K, 0% used [0x00000000d5700000,0x00000000d5700000,0x00000000d5780000)
 ParOldGen       total 210432K, used 209289K [0x0000000080000000, 0x000000008cd80000, 0x00000000d5580000)
  object space 210432K, 99% used [0x0000000080000000,0x000000008cc624e0,0x000000008cd80000)
 Metaspace       used 69422K, committed 70912K, reserved 1114112K
  class space    used 7445K, committed 8064K, reserved 1048576K
}
Event: 205.933 GC heap after
{Heap after GC invocations=163 (full 3):
 PSYoungGen      total 1024K, used 96K [0x00000000d5580000, 0x00000000d5780000, 0x0000000100000000)
  eden space 512K, 0% used [0x00000000d5580000,0x00000000d5580000,0x00000000d5600000)
  from space 512K, 18% used [0x00000000d5700000,0x00000000d5718000,0x00000000d5780000)
  to   space 512K, 0% used [0x00000000d5600000,0x00000000d5600000,0x00000000d5680000)
 ParOldGen       total 210432K, used 209337K [0x0000000080000000, 0x000000008cd80000, 0x00000000d5580000)
  object space 210432K, 99% used [0x0000000080000000,0x000000008cc6e4e0,0x000000008cd80000)
 Metaspace       used 69422K, committed 70912K, reserved 1114112K
  class space    used 7445K, committed 8064K, reserved 1048576K
}
Event: 484.277 GC heap before
{Heap before GC invocations=164 (full 3):
 PSYoungGen      total 1024K, used 608K [0x00000000d5580000, 0x00000000d5780000, 0x0000000100000000)
  eden space 512K, 100% used [0x00000000d5580000,0x00000000d5600000,0x00000000d5600000)
  from space 512K, 18% used [0x00000000d5700000,0x00000000d5718000,0x00000000d5780000)
  to   space 512K, 0% used [0x00000000d5600000,0x00000000d5600000,0x00000000d5680000)
 ParOldGen       total 210432K, used 209337K [0x0000000080000000, 0x000000008cd80000, 0x00000000d5580000)
  object space 210432K, 99% used [0x0000000080000000,0x000000008cc6e4e0,0x000000008cd80000)
 Metaspace       used 69449K, committed 70912K, reserved 1114112K
  class space    used 7448K, committed 8064K, reserved 1048576K
}
Event: 484.674 GC heap after
{Heap after GC invocations=164 (full 3):
 PSYoungGen      total 1024K, used 256K [0x00000000d5580000, 0x00000000d5780000, 0x0000000100000000)
  eden space 512K, 0% used [0x00000000d5580000,0x00000000d5580000,0x00000000d5600000)
  from space 512K, 50% used [0x00000000d5600000,0x00000000d5640000,0x00000000d5680000)
  to   space 512K, 0% used [0x00000000d5700000,0x00000000d5700000,0x00000000d5780000)
 ParOldGen       total 210432K, used 209369K [0x0000000080000000, 0x000000008cd80000, 0x00000000d5580000)
  object space 210432K, 99% used [0x0000000080000000,0x000000008cc764e0,0x000000008cd80000)
 Metaspace       used 69449K, committed 70912K, reserved 1114112K
  class space    used 7448K, committed 8064K, reserved 1048576K
}
Event: 484.765 GC heap before
{Heap before GC invocations=165 (full 3):
 PSYoungGen      total 1024K, used 741K [0x00000000d5580000, 0x00000000d5780000, 0x0000000100000000)
  eden space 512K, 94% used [0x00000000d5580000,0x00000000d55f9790,0x00000000d5600000)
  from space 512K, 50% used [0x00000000d5600000,0x00000000d5640000,0x00000000d5680000)
  to   space 512K, 0% used [0x00000000d5700000,0x00000000d5700000,0x00000000d5780000)
 ParOldGen       total 210432K, used 209369K [0x0000000080000000, 0x000000008cd80000, 0x00000000d5580000)
  object space 210432K, 99% used [0x0000000080000000,0x000000008cc764e0,0x000000008cd80000)
 Metaspace       used 69488K, committed 70912K, reserved 1114112K
  class space    used 7457K, committed 8064K, reserved 1048576K
}
Event: 484.766 GC heap after
{Heap after GC invocations=165 (full 3):
 PSYoungGen      total 1024K, used 290K [0x00000000d5580000, 0x00000000d5780000, 0x0000000100000000)
  eden space 512K, 0% used [0x00000000d5580000,0x00000000d5580000,0x00000000d5600000)
  from space 512K, 56% used [0x00000000d5700000,0x00000000d5748a80,0x00000000d5780000)
  to   space 512K, 0% used [0x00000000d5600000,0x00000000d5600000,0x00000000d5680000)
 ParOldGen       total 210432K, used 209417K [0x0000000080000000, 0x000000008cd80000, 0x00000000d5580000)
  object space 210432K, 99% used [0x0000000080000000,0x000000008cc824e0,0x000000008cd80000)
 Metaspace       used 69488K, committed 70912K, reserved 1114112K
  class space    used 7457K, committed 8064K, reserved 1048576K
}
Event: 484.808 GC heap before
{Heap before GC invocations=166 (full 3):
 PSYoungGen      total 1024K, used 802K [0x00000000d5580000, 0x00000000d5780000, 0x0000000100000000)
  eden space 512K, 99% used [0x00000000d5580000,0x00000000d55ffff0,0x00000000d5600000)
  from space 512K, 56% used [0x00000000d5700000,0x00000000d5748a80,0x00000000d5780000)
  to   space 512K, 0% used [0x00000000d5600000,0x00000000d5600000,0x00000000d5680000)
 ParOldGen       total 210432K, used 209417K [0x0000000080000000, 0x000000008cd80000, 0x00000000d5580000)
  object space 210432K, 99% used [0x0000000080000000,0x000000008cc824e0,0x000000008cd80000)
 Metaspace       used 69577K, committed 70976K, reserved 1114112K
  class space    used 7463K, committed 8064K, reserved 1048576K
}
Event: 484.809 GC heap after
{Heap after GC invocations=166 (full 3):
 PSYoungGen      total 1024K, used 192K [0x00000000d5580000, 0x00000000d5780000, 0x0000000100000000)
  eden space 512K, 0% used [0x00000000d5580000,0x00000000d5580000,0x00000000d5600000)
  from space 512K, 37% used [0x00000000d5600000,0x00000000d5630000,0x00000000d5680000)
  to   space 512K, 0% used [0x00000000d5700000,0x00000000d5700000,0x00000000d5780000)
 ParOldGen       total 210432K, used 209465K [0x0000000080000000, 0x000000008cd80000, 0x00000000d5580000)
  object space 210432K, 99% used [0x0000000080000000,0x000000008cc8e4e0,0x000000008cd80000)
 Metaspace       used 69577K, committed 70976K, reserved 1114112K
  class space    used 7463K, committed 8064K, reserved 1048576K
}
Event: 484.851 GC heap before
{Heap before GC invocations=167 (full 3):
 PSYoungGen      total 1024K, used 703K [0x00000000d5580000, 0x00000000d5780000, 0x0000000100000000)
  eden space 512K, 99% used [0x00000000d5580000,0x00000000d55ffff8,0x00000000d5600000)
  from space 512K, 37% used [0x00000000d5600000,0x00000000d5630000,0x00000000d5680000)
  to   space 512K, 0% used [0x00000000d5700000,0x00000000d5700000,0x00000000d5780000)
 ParOldGen       total 210432K, used 209465K [0x0000000080000000, 0x000000008cd80000, 0x00000000d5580000)
  object space 210432K, 99% used [0x0000000080000000,0x000000008cc8e4e0,0x000000008cd80000)
 Metaspace       used 69680K, committed 71168K, reserved 1114112K
  class space    used 7469K, committed 8064K, reserved 1048576K
}
Event: 484.853 GC heap after
{Heap after GC invocations=167 (full 3):
 PSYoungGen      total 1024K, used 192K [0x00000000d5580000, 0x00000000d5780000, 0x0000000100000000)
  eden space 512K, 0% used [0x00000000d5580000,0x00000000d5580000,0x00000000d5600000)
  from space 512K, 37% used [0x00000000d5700000,0x00000000d5730000,0x00000000d5780000)
  to   space 512K, 0% used [0x00000000d5600000,0x00000000d5600000,0x00000000d5680000)
 ParOldGen       total 210432K, used 209497K [0x0000000080000000, 0x000000008cd80000, 0x00000000d5580000)
  object space 210432K, 99% used [0x0000000080000000,0x000000008cc964e0,0x000000008cd80000)
 Metaspace       used 69680K, committed 71168K, reserved 1114112K
  class space    used 7469K, committed 8064K, reserved 1048576K
}
Event: 485.022 GC heap before
{Heap before GC invocations=168 (full 3):
 PSYoungGen      total 1024K, used 704K [0x00000000d5580000, 0x00000000d5780000, 0x0000000100000000)
  eden space 512K, 100% used [0x00000000d5580000,0x00000000d5600000,0x00000000d5600000)
  from space 512K, 37% used [0x00000000d5700000,0x00000000d5730000,0x00000000d5780000)
  to   space 512K, 0% used [0x00000000d5600000,0x00000000d5600000,0x00000000d5680000)
 ParOldGen       total 210432K, used 209497K [0x0000000080000000, 0x000000008cd80000, 0x00000000d5580000)
  object space 210432K, 99% used [0x0000000080000000,0x000000008cc964e0,0x000000008cd80000)
 Metaspace       used 69718K, committed 71168K, reserved 1114112K
  class space    used 7475K, committed 8064K, reserved 1048576K
}
Event: 485.047 GC heap after
{Heap after GC invocations=168 (full 3):
 PSYoungGen      total 1024K, used 160K [0x00000000d5580000, 0x00000000d5780000, 0x0000000100000000)
  eden space 512K, 0% used [0x00000000d5580000,0x00000000d5580000,0x00000000d5600000)
  from space 512K, 31% used [0x00000000d5600000,0x00000000d5628000,0x00000000d5680000)
  to   space 512K, 0% used [0x00000000d5700000,0x00000000d5700000,0x00000000d5780000)
 ParOldGen       total 210432K, used 209577K [0x0000000080000000, 0x000000008cd80000, 0x00000000d5580000)
  object space 210432K, 99% used [0x0000000080000000,0x000000008ccaa4e0,0x000000008cd80000)
 Metaspace       used 69718K, committed 71168K, reserved 1114112K
  class space    used 7475K, committed 8064K, reserved 1048576K
}
Event: 485.376 GC heap before
{Heap before GC invocations=169 (full 3):
 PSYoungGen      total 1024K, used 662K [0x00000000d5580000, 0x00000000d5780000, 0x0000000100000000)
  eden space 512K, 98% used [0x00000000d5580000,0x00000000d55fd940,0x00000000d5600000)
  from space 512K, 31% used [0x00000000d5600000,0x00000000d5628000,0x00000000d5680000)
  to   space 512K, 0% used [0x00000000d5700000,0x00000000d5700000,0x00000000d5780000)
 ParOldGen       total 210432K, used 209577K [0x0000000080000000, 0x000000008cd80000, 0x00000000d5580000)
  object space 210432K, 99% used [0x0000000080000000,0x000000008ccaa4e0,0x000000008cd80000)
 Metaspace       used 69720K, committed 71168K, reserved 1114112K
  class space    used 7475K, committed 8064K, reserved 1048576K
}
Event: 485.378 GC heap after
{Heap after GC invocations=169 (full 3):
 PSYoungGen      total 1024K, used 224K [0x00000000d5580000, 0x00000000d5780000, 0x0000000100000000)
  eden space 512K, 0% used [0x00000000d5580000,0x00000000d5580000,0x00000000d5600000)
  from space 512K, 43% used [0x00000000d5700000,0x00000000d5738000,0x00000000d5780000)
  to   space 512K, 0% used [0x00000000d5600000,0x00000000d5600000,0x00000000d5680000)
 ParOldGen       total 210432K, used 209633K [0x0000000080000000, 0x000000008cd80000, 0x00000000d5580000)
  object space 210432K, 99% used [0x0000000080000000,0x000000008ccb84e0,0x000000008cd80000)
 Metaspace       used 69720K, committed 71168K, reserved 1114112K
  class space    used 7475K, committed 8064K, reserved 1048576K
}
Event: 485.405 GC heap before
{Heap before GC invocations=170 (full 3):
 PSYoungGen      total 1024K, used 734K [0x00000000d5580000, 0x00000000d5780000, 0x0000000100000000)
  eden space 512K, 99% used [0x00000000d5580000,0x00000000d55ff988,0x00000000d5600000)
  from space 512K, 43% used [0x00000000d5700000,0x00000000d5738000,0x00000000d5780000)
  to   space 512K, 0% used [0x00000000d5600000,0x00000000d5600000,0x00000000d5680000)
 ParOldGen       total 210432K, used 209633K [0x0000000080000000, 0x000000008cd80000, 0x00000000d5580000)
  object space 210432K, 99% used [0x0000000080000000,0x000000008ccb84e0,0x000000008cd80000)
 Metaspace       used 69720K, committed 71168K, reserved 1114112K
  class space    used 7475K, committed 8064K, reserved 1048576K
}
Event: 485.406 GC heap after
{Heap after GC invocations=170 (full 3):
 PSYoungGen      total 1024K, used 192K [0x00000000d5580000, 0x00000000d5780000, 0x0000000100000000)
  eden space 512K, 0% used [0x00000000d5580000,0x00000000d5580000,0x00000000d5600000)
  from space 512K, 37% used [0x00000000d5600000,0x00000000d5630000,0x00000000d5680000)
  to   space 512K, 0% used [0x00000000d5700000,0x00000000d5700000,0x00000000d5780000)
 ParOldGen       total 210432K, used 209757K [0x0000000080000000, 0x000000008cd80000, 0x00000000d5580000)
  object space 210432K, 99% used [0x0000000080000000,0x000000008ccd7770,0x000000008cd80000)
 Metaspace       used 69720K, committed 71168K, reserved 1114112K
  class space    used 7475K, committed 8064K, reserved 1048576K
}
Event: 485.419 GC heap before
{Heap before GC invocations=171 (full 3):
 PSYoungGen      total 1024K, used 704K [0x00000000d5580000, 0x00000000d5780000, 0x0000000100000000)
  eden space 512K, 100% used [0x00000000d5580000,0x00000000d5600000,0x00000000d5600000)
  from space 512K, 37% used [0x00000000d5600000,0x00000000d5630000,0x00000000d5680000)
  to   space 512K, 0% used [0x00000000d5700000,0x00000000d5700000,0x00000000d5780000)
 ParOldGen       total 210432K, used 209757K [0x0000000080000000, 0x000000008cd80000, 0x00000000d5580000)
  object space 210432K, 99% used [0x0000000080000000,0x000000008ccd7770,0x000000008cd80000)
 Metaspace       used 69720K, committed 71168K, reserved 1114112K
  class space    used 7475K, committed 8064K, reserved 1048576K
}
Event: 485.420 GC heap after
{Heap after GC invocations=171 (full 3):
 PSYoungGen      total 1024K, used 272K [0x00000000d5580000, 0x00000000d5780000, 0x0000000100000000)
  eden space 512K, 0% used [0x00000000d5580000,0x00000000d5580000,0x00000000d5600000)
  from space 512K, 53% used [0x00000000d5700000,0x00000000d5744010,0x00000000d5780000)
  to   space 512K, 0% used [0x00000000d5600000,0x00000000d5600000,0x00000000d5680000)
 ParOldGen       total 210432K, used 209861K [0x0000000080000000, 0x000000008cd80000, 0x00000000d5580000)
  object space 210432K, 99% used [0x0000000080000000,0x000000008ccf1790,0x000000008cd80000)
 Metaspace       used 69720K, committed 71168K, reserved 1114112K
  class space    used 7475K, committed 8064K, reserved 1048576K
}
Event: 13191.715 GC heap before
{Heap before GC invocations=172 (full 3):
 PSYoungGen      total 1024K, used 784K [0x00000000d5580000, 0x00000000d5780000, 0x0000000100000000)
  eden space 512K, 100% used [0x00000000d5580000,0x00000000d5600000,0x00000000d5600000)
  from space 512K, 53% used [0x00000000d5700000,0x00000000d5744010,0x00000000d5780000)
  to   space 512K, 0% used [0x00000000d5600000,0x00000000d5600000,0x00000000d5680000)
 ParOldGen       total 210432K, used 209861K [0x0000000080000000, 0x000000008cd80000, 0x00000000d5580000)
  object space 210432K, 99% used [0x0000000080000000,0x000000008ccf1790,0x000000008cd80000)
 Metaspace       used 69801K, committed 71168K, reserved 1114112K
  class space    used 7475K, committed 8064K, reserved 1048576K
}
Event: 13198.339 GC heap after
{Heap after GC invocations=172 (full 3):
 PSYoungGen      total 1024K, used 160K [0x00000000d5580000, 0x00000000d5780000, 0x0000000100000000)
  eden space 512K, 0% used [0x00000000d5580000,0x00000000d5580000,0x00000000d5600000)
  from space 512K, 31% used [0x00000000d5600000,0x00000000d5628000,0x00000000d5680000)
  to   space 512K, 0% used [0x00000000d5700000,0x00000000d5700000,0x00000000d5780000)
 ParOldGen       total 210432K, used 209893K [0x0000000080000000, 0x000000008cd80000, 0x00000000d5580000)
  object space 210432K, 99% used [0x0000000080000000,0x000000008ccf97a0,0x000000008cd80000)
 Metaspace       used 69801K, committed 71168K, reserved 1114112K
  class space    used 7475K, committed 8064K, reserved 1048576K
}

